0 info it worked if it ends with ok
1 verbose cli [ 'C:\\Program Files\\nodejs\\node.exe',
1 verbose cli   'C:\\Program Files\\nodejs\\node_modules\\npm\\bin\\npm-cli.js',
1 verbose cli   'publish' ]
2 info using npm@3.9.5
3 info using node@v6.2.2
4 verbose publish [ '.' ]
5 silly cache add args [ '.', null ]
6 verbose cache add spec .
7 silly cache add parsed spec Result {
7 silly cache add   raw: '.',
7 silly cache add   scope: null,
7 silly cache add   name: null,
7 silly cache add   rawSpec: '.',
7 silly cache add   spec: 'C:\\work\\smn\\smn-ui\\dist-smn-ui',
7 silly cache add   type: 'directory' }
8 verbose addLocalDirectory C:\Users\Mario\AppData\Roaming\npm-cache\smn-ui\2.0.1\package.tgz not in flight; packing
9 verbose correctMkdir C:\Users\Mario\AppData\Roaming\npm-cache correctMkdir not in flight; initializing
10 info lifecycle smn-ui@2.0.1~prepublish: smn-ui@2.0.1
11 silly lifecycle smn-ui@2.0.1~prepublish: no script for prepublish, continuing
12 verbose tar pack [ 'C:\\Users\\Mario\\AppData\\Roaming\\npm-cache\\smn-ui\\2.0.1\\package.tgz',
12 verbose tar pack   'C:\\work\\smn\\smn-ui\\dist-smn-ui' ]
13 verbose tarball C:\Users\Mario\AppData\Roaming\npm-cache\smn-ui\2.0.1\package.tgz
14 verbose folder C:\work\smn\smn-ui\dist-smn-ui
15 verbose addLocalTarball adding from inside cache C:\Users\Mario\AppData\Roaming\npm-cache\smn-ui\2.0.1\package.tgz
16 verbose correctMkdir C:\Users\Mario\AppData\Roaming\npm-cache correctMkdir not in flight; initializing
17 silly cache afterAdd smn-ui@2.0.1
18 verbose afterAdd C:\Users\Mario\AppData\Roaming\npm-cache\smn-ui\2.0.1\package\package.json not in flight; writing
19 verbose correctMkdir C:\Users\Mario\AppData\Roaming\npm-cache correctMkdir not in flight; initializing
20 verbose afterAdd C:\Users\Mario\AppData\Roaming\npm-cache\smn-ui\2.0.1\package\package.json written
21 silly publish { name: 'smn-ui',
21 silly publish   version: '2.0.1',
21 silly publish   description: 'Pacote de componentes de interface desenvolvidos com AngularJS e Material Design',
21 silly publish   scripts: {},
21 silly publish   repository:
21 silly publish    { type: 'git',
21 silly publish      url: 'git+https://github.com/smn-official/dist-smn-ui.git' },
21 silly publish   authors: [ 'Mario Santos <mariocsants@gmail.com>' ],
21 silly publish   license: 'MIT',
21 silly publish   bugs: { url: 'https://github.com/smn-official/dist-smn-ui/issues' },
21 silly publish   homepage: 'https://github.com/smn-official/dist-smn-ui#readme',
21 silly publish   readme: '# SMN-UI\r\n\r\nPacote de componentes de interface desenvolvidos com AngularJS e Material Design.\r\n\r\nPara começar a utilizar o Smn-ui, utilize os seguintes comandos.\r\n\r\n-- Tendo em conta que você já iniciou o seu projeto através do `npm init`, você deve primeiro instalar o Bower CLI:\r\n\r\n>npm install bower -g\r\n\r\n-- Instale o SMN-ui utilizando `npm install` ou `bower install`:\r\n\r\n>npm install smn-ui --save\r\n<br>bower install smn-ui --save\r\n\r\n-- E você irá precisar das seguintes dependências: `angular` `angular-animate` `angular-messages` `jquery` (que podem ser instalados tanto pelo `npm` quanto pelo `bower`)\r\n',
21 silly publish   readmeFilename: 'README.md',
21 silly publish   gitHead: 'd2f815ec716e01e8675c1dcf94b91b1348289087',
21 silly publish   _id: 'smn-ui@2.0.1',
21 silly publish   _shasum: '5db22f0ee90ae32ab7e47881f1bda2bc47c8b3e9',
21 silly publish   _from: '.' }
22 verbose getPublishConfig undefined
23 silly mapToRegistry name smn-ui
24 silly mapToRegistry using default registry
25 silly mapToRegistry registry https://registry.npmjs.org/
26 silly mapToRegistry data Result {
26 silly mapToRegistry   raw: 'smn-ui',
26 silly mapToRegistry   scope: null,
26 silly mapToRegistry   name: 'smn-ui',
26 silly mapToRegistry   rawSpec: '',
26 silly mapToRegistry   spec: 'latest',
26 silly mapToRegistry   type: 'tag' }
27 silly mapToRegistry uri https://registry.npmjs.org/smn-ui
28 verbose publish registryBase https://registry.npmjs.org/
29 silly publish uploading C:\Users\Mario\AppData\Roaming\npm-cache\smn-ui\2.0.1\package.tgz
30 verbose request uri https://registry.npmjs.org/smn-ui
31 verbose request sending authorization for write operation
32 info attempt registry request try #1 at 16:26:19
33 verbose request using bearer token for auth
34 verbose request id 72e9a0c216847202
35 http request PUT https://registry.npmjs.org/smn-ui
36 http 403 https://registry.npmjs.org/smn-ui
37 verbose headers { 'content-type': 'application/json',
37 verbose headers   'cache-control': 'max-age=300',
37 verbose headers   'content-length': '95',
37 verbose headers   'accept-ranges': 'bytes',
37 verbose headers   date: 'Sat, 11 Mar 2017 19:26:21 GMT',
37 verbose headers   via: '1.1 varnish',
37 verbose headers   connection: 'keep-alive',
37 verbose headers   'x-served-by': 'cache-gru7124-GRU',
37 verbose headers   'x-cache': 'MISS',
37 verbose headers   'x-cache-hits': '0',
37 verbose headers   'x-timer': 'S1489260379.957994,VS0,VE1187',
37 verbose headers   vary: 'Accept-Encoding' }
38 verbose request invalidating C:\Users\Mario\AppData\Roaming\npm-cache\registry.npmjs.org\smn-ui on PUT
39 error publish Failed PUT 403
40 verbose stack Error: "You cannot publish over the previously published version 2.0.1." : smn-ui
40 verbose stack     at makeError (C:\Program Files\nodejs\node_modules\npm\node_modules\npm-registry-client\lib\request.js:264:12)
40 verbose stack     at CachingRegistryClient.<anonymous> (C:\Program Files\nodejs\node_modules\npm\node_modules\npm-registry-client\lib\request.js:252:14)
40 verbose stack     at Request._callback (C:\Program Files\nodejs\node_modules\npm\node_modules\npm-registry-client\lib\request.js:172:14)
40 verbose stack     at Request.self.callback (C:\Program Files\nodejs\node_modules\npm\node_modules\request\request.js:200:22)
40 verbose stack     at emitTwo (events.js:106:13)
40 verbose stack     at Request.emit (events.js:191:7)
40 verbose stack     at Request.<anonymous> (C:\Program Files\nodejs\node_modules\npm\node_modules\request\request.js:1067:10)
40 verbose stack     at emitOne (events.js:101:20)
40 verbose stack     at Request.emit (events.js:188:7)
40 verbose stack     at IncomingMessage.<anonymous> (C:\Program Files\nodejs\node_modules\npm\node_modules\request\request.js:988:12)
41 verbose statusCode 403
42 verbose pkgid smn-ui
43 verbose cwd C:\work\smn\smn-ui\dist-smn-ui
44 error Windows_NT 10.0.14393
45 error argv "C:\\Program Files\\nodejs\\node.exe" "C:\\Program Files\\nodejs\\node_modules\\npm\\bin\\npm-cli.js" "publish"
46 error node v6.2.2
47 error npm  v3.9.5
48 error code E403
49 error "You cannot publish over the previously published version 2.0.1." : smn-ui
50 error If you need help, you may report this error at:
50 error     <https://github.com/npm/npm/issues>
51 verbose exit [ 1, true ]
